# JRE version: Java(TM) SE Runtime Environment (8.0_231-b11) (build 1.8.0_231-b11)
# Java VM: Java HotSpot(TM) 64-Bit Server VM (25.231-b11 mixed mode windows-amd64 compressed oops)
Heap:
 PSYoungGen      total 35328K, used 24278K [0x00000000eb500000, 0x00000000eda00000, 0x0000000100000000)
  eden space 32768K, 66% used [0x00000000eb500000,0x00000000eca367c0,0x00000000ed500000)
  from space 2560K, 99% used [0x00000000ed780000,0x00000000ed9ff208,0x00000000eda00000)
  to   space 2560K, 0% used [0x00000000ed500000,0x00000000ed500000,0x00000000ed780000)
 ParOldGen       total 44032K, used 1180K [0x00000000c1e00000, 0x00000000c4900000, 0x00000000eb500000)
  object space 44032K, 2% used [0x00000000c1e00000,0x00000000c1f27190,0x00000000c4900000)
 Metaspace       used 11543K, capacity 11846K, committed 12032K, reserved 1060864K
  class space    used 1418K, capacity 1534K, committed 1536K, reserved 1048576K
GC Heap History (8 events):
Event: 3.356 GC heap before
{Heap before GC invocations=1 (full 0):
 PSYoungGen      total 18944K, used 16384K [0x00000000eb500000, 0x00000000eca00000, 0x0000000100000000)
  eden space 16384K, 100% used [0x00000000eb500000,0x00000000ec500000,0x00000000ec500000)
  from space 2560K, 0% used [0x00000000ec780000,0x00000000ec780000,0x00000000eca00000)
  to   space 2560K, 0% used [0x00000000ec500000,0x00000000ec500000,0x00000000ec780000)
 ParOldGen       total 44032K, used 0K [0x00000000c1e00000, 0x00000000c4900000, 0x00000000eb500000)
  object space 44032K, 0% used [0x00000000c1e00000,0x00000000c1e00000,0x00000000c4900000)
 Metaspace       used 6486K, capacity 6702K, committed 6784K, reserved 1056768K
  class space    used 756K, capacity 835K, committed 896K, reserved 1048576K
Event: 3.411 GC heap after
Heap after GC invocations=1 (full 0):
 PSYoungGen      total 18944K, used 2546K [0x00000000eb500000, 0x00000000eca00000, 0x0000000100000000)
  eden space 16384K, 0% used [0x00000000eb500000,0x00000000eb500000,0x00000000ec500000)
  from space 2560K, 99% used [0x00000000ec500000,0x00000000ec77cb50,0x00000000ec780000)
  to   space 2560K, 0% used [0x00000000ec780000,0x00000000ec780000,0x00000000eca00000)
 ParOldGen       total 44032K, used 303K [0x00000000c1e00000, 0x00000000c4900000, 0x00000000eb500000)
  object space 44032K, 0% used [0x00000000c1e00000,0x00000000c1e4bda8,0x00000000c4900000)
 Metaspace       used 6486K, capacity 6702K, committed 6784K, reserved 1056768K
  class space    used 756K, capacity 835K, committed 896K, reserved 1048576K
}
Event: 3.688 GC heap before
{Heap before GC invocations=2 (full 0):
 PSYoungGen      total 18944K, used 18902K [0x00000000eb500000, 0x00000000eca00000, 0x0000000100000000)
  eden space 16384K, 99% used [0x00000000eb500000,0x00000000ec4f8e18,0x00000000ec500000)
  from space 2560K, 99% used [0x00000000ec500000,0x00000000ec77cb50,0x00000000ec780000)
  to   space 2560K, 0% used [0x00000000ec780000,0x00000000ec780000,0x00000000eca00000)
 ParOldGen       total 44032K, used 303K [0x00000000c1e00000, 0x00000000c4900000, 0x00000000eb500000)
  object space 44032K, 0% used [0x00000000c1e00000,0x00000000c1e4bda8,0x00000000c4900000)
 Metaspace       used 6844K, capacity 6990K, committed 7040K, reserved 1056768K
  class space    used 795K, capacity 867K, committed 896K, reserved 1048576K
Event: 3.736 GC heap after
Heap after GC invocations=2 (full 0):
 PSYoungGen      total 18944K, used 2137K [0x00000000eb500000, 0x00000000eda00000, 0x0000000100000000)
  eden space 16384K, 0% used [0x00000000eb500000,0x00000000eb500000,0x00000000ec500000)
  from space 2560K, 83% used [0x00000000ec780000,0x00000000ec996788,0x00000000eca00000)
  to   space 2560K, 0% used [0x00000000ec500000,0x00000000ec500000,0x00000000ec780000)
 ParOldGen       total 44032K, used 311K [0x00000000c1e00000, 0x00000000c4900000, 0x00000000eb500000)
  object space 44032K, 0% used [0x00000000c1e00000,0x00000000c1e4dda8,0x00000000c4900000)
 Metaspace       used 6844K, capacity 6990K, committed 7040K, reserved 1056768K
  class space    used 795K, capacity 867K, committed 896K, reserved 1048576K
}
Event: 3.746 GC heap before
{Heap before GC invocations=3 (full 0):
 PSYoungGen      total 18944K, used 18494K [0x00000000eb500000, 0x00000000eda00000, 0x0000000100000000)
  eden space 16384K, 99% used [0x00000000eb500000,0x00000000ec4f9288,0x00000000ec500000)
  from space 2560K, 83% used [0x00000000ec780000,0x00000000ec996788,0x00000000eca00000)
  to   space 2560K, 0% used [0x00000000ec500000,0x00000000ec500000,0x00000000ec780000)
 ParOldGen       total 44032K, used 311K [0x00000000c1e00000, 0x00000000c4900000, 0x00000000eb500000)
  object space 44032K, 0% used [0x00000000c1e00000,0x00000000c1e4dda8,0x00000000c4900000)
 Metaspace       used 6844K, capacity 6990K, committed 7040K, reserved 1056768K
  class space    used 795K, capacity 867K, committed 896K, reserved 1048576K
Event: 3.760 GC heap after
Heap after GC invocations=3 (full 0):
 PSYoungGen      total 18944K, used 1829K [0x00000000eb500000, 0x00000000eda00000, 0x0000000100000000)
  eden space 16384K, 0% used [0x00000000eb500000,0x00000000eb500000,0x00000000ec500000)
  from space 2560K, 71% used [0x00000000ec500000,0x00000000ec6c9618,0x00000000ec780000)
  to   space 2560K, 0% used [0x00000000ed780000,0x00000000ed780000,0x00000000eda00000)
 ParOldGen       total 44032K, used 319K [0x00000000c1e00000, 0x00000000c4900000, 0x00000000eb500000)
  object space 44032K, 0% used [0x00000000c1e00000,0x00000000c1e4fda8,0x00000000c4900000)
 Metaspace       used 6844K, capacity 6990K, committed 7040K, reserved 1056768K
  class space    used 795K, capacity 867K, committed 896K, reserved 1048576K
}
Event: 4.734 GC heap before
{Heap before GC invocations=4 (full 0):
 PSYoungGen      total 18944K, used 18213K [0x00000000eb500000, 0x00000000eda00000, 0x0000000100000000)
  eden space 16384K, 100% used [0x00000000eb500000,0x00000000ec500000,0x00000000ec500000)
  from space 2560K, 71% used [0x00000000ec500000,0x00000000ec6c9618,0x00000000ec780000)
  to   space 2560K, 0% used [0x00000000ed780000,0x00000000ed780000,0x00000000eda00000)
 ParOldGen       total 44032K, used 319K [0x00000000c1e00000, 0x00000000c4900000, 0x00000000eb500000)
  object space 44032K, 0% used [0x00000000c1e00000,0x00000000c1e4fda8,0x00000000c4900000)
 Metaspace       used 8339K, capacity 8594K, committed 8832K, reserved 1056768K
  class space    used 997K, capacity 1078K, committed 1152K, reserved 1048576K
Event: 4.788 GC heap after
Heap after GC invocations=4 (full 0):
 PSYoungGen      total 35328K, used 2556K [0x00000000eb500000, 0x00000000eda00000, 0x0000000100000000)
  eden space 32768K, 0% used [0x00000000eb500000,0x00000000eb500000,0x00000000ed500000)
  from space 2560K, 99% used [0x00000000ed780000,0x00000000ed9ff208,0x00000000eda00000)
  to   space 2560K, 0% used [0x00000000ed500000,0x00000000ed500000,0x00000000ed780000)
 ParOldGen       total 44032K, used 1180K [0x00000000c1e00000, 0x00000000c4900000, 0x00000000eb500000)
  object space 44032K, 2% used [0x00000000c1e00000,0x00000000c1f27190,0x00000000c4900000)
 Metaspace       used 8339K, capacity 8594K, committed 8832K, reserved 1056768K
  class space    used 997K, capacity 1078K, committed 1152K, reserved 1048576K
}

